2014-11-13 18:07:56,660 WARN org.apache.hadoop.util.NativeCodeLoader: Unable to load native-hadoop library for your platform... using builtin-java classes where applicable
2014-11-13 18:10:57,692 WARN org.apache.hadoop.util.NativeCodeLoader: Unable to load native-hadoop library for your platform... using builtin-java classes where applicable
2014-11-13 18:10:58,877 INFO org.apache.crunch.io.impl.FileTargetImpl: Will write output files to new path: data/out/degree.dat_1415902258104
2014-11-13 18:10:58,998 INFO org.apache.hadoop.conf.Configuration.deprecation: mapred.job.tracker is deprecated. Instead, use mapreduce.jobtracker.address
2014-11-13 18:10:59,537 INFO org.apache.crunch.impl.mr.collect.PGroupedTableImpl: Setting num reduce tasks to 1
2014-11-13 18:10:59,715 INFO org.apache.hadoop.conf.Configuration.deprecation: session.id is deprecated. Instead, use dfs.metrics.session-id
2014-11-13 18:10:59,717 INFO org.apache.hadoop.metrics.jvm.JvmMetrics: Initializing JVM Metrics with processName=JobTracker, sessionId=
2014-11-13 18:11:04,464 WARN org.apache.hadoop.mapreduce.JobSubmitter: No job jar file set.  User classes may not be found. See Job or Job#setJar(String).
2014-11-13 18:11:04,701 INFO org.apache.hadoop.mapreduce.lib.input.FileInputFormat: Total input paths to process : 2
2014-11-13 18:11:04,793 INFO org.apache.hadoop.mapreduce.JobSubmitter: number of splits:5
2014-11-13 18:11:05,546 INFO org.apache.hadoop.mapreduce.JobSubmitter: Submitting tokens for job: job_local16362165_0001
2014-11-13 18:11:05,621 WARN org.apache.hadoop.conf.Configuration: file:/tmp/hadoop-kamir/mapred/staging/kamir16362165/.staging/job_local16362165_0001/job.xml:an attempt to override final parameter: mapreduce.job.end-notification.max.retry.interval;  Ignoring.
2014-11-13 18:11:05,632 WARN org.apache.hadoop.conf.Configuration: file:/tmp/hadoop-kamir/mapred/staging/kamir16362165/.staging/job_local16362165_0001/job.xml:an attempt to override final parameter: mapreduce.job.end-notification.max.attempts;  Ignoring.
2014-11-13 18:11:06,473 INFO org.apache.hadoop.mapred.LocalDistributedCacheManager: Creating symlink: /tmp/hadoop-kamir/mapred/local/1415902265864/REDUCE <- /Users/kamir/Documents/Cloudera/github/crunch.TS/REDUCE
2014-11-13 18:11:06,548 INFO org.apache.hadoop.mapred.LocalDistributedCacheManager: Localized file:/tmp/crunch-1332666453/p1/REDUCE as file:/tmp/hadoop-kamir/mapred/local/1415902265864/REDUCE
2014-11-13 18:11:06,640 INFO org.apache.hadoop.mapred.LocalDistributedCacheManager: Creating symlink: /tmp/hadoop-kamir/mapred/local/1415902265865/MAP <- /Users/kamir/Documents/Cloudera/github/crunch.TS/MAP
2014-11-13 18:11:06,644 WARN org.apache.hadoop.fs.FileUtil: Command 'ln -s /tmp/hadoop-kamir/mapred/local/1415902265865/MAP /Users/kamir/Documents/Cloudera/github/crunch.TS/MAP' failed 1 with: ln: /Users/kamir/Documents/Cloudera/github/crunch.TS/MAP: File exists

2014-11-13 18:11:06,644 WARN org.apache.hadoop.mapred.LocalDistributedCacheManager: Failed to create symlink: /tmp/hadoop-kamir/mapred/local/1415902265865/MAP <- /Users/kamir/Documents/Cloudera/github/crunch.TS/MAP
2014-11-13 18:11:06,644 INFO org.apache.hadoop.mapred.LocalDistributedCacheManager: Localized file:/tmp/crunch-1332666453/p1/MAP as file:/tmp/hadoop-kamir/mapred/local/1415902265865/MAP
2014-11-13 18:11:06,793 WARN org.apache.hadoop.conf.Configuration: file:/tmp/hadoop-kamir/mapred/local/localRunner/kamir/job_local16362165_0001/job_local16362165_0001.xml:an attempt to override final parameter: mapreduce.job.end-notification.max.retry.interval;  Ignoring.
2014-11-13 18:11:06,797 WARN org.apache.hadoop.conf.Configuration: file:/tmp/hadoop-kamir/mapred/local/localRunner/kamir/job_local16362165_0001/job_local16362165_0001.xml:an attempt to override final parameter: mapreduce.job.end-notification.max.attempts;  Ignoring.
2014-11-13 18:11:06,814 INFO org.apache.hadoop.mapreduce.Job: The url to track the job: http://localhost:8080/
2014-11-13 18:11:06,814 INFO org.apache.crunch.hadoop.mapreduce.lib.jobcontrol.CrunchControlledJob: Running job "de.bitocean.relevance.WebResourceBucketNodeDegree: Avro(data/in/wr)+S1+GBK+ungroup+Text(data/out/degree.dat_... ID=1 (1/1)"
2014-11-13 18:11:06,814 INFO org.apache.crunch.hadoop.mapreduce.lib.jobcontrol.CrunchControlledJob: Job status available at: http://localhost:8080/
2014-11-13 18:11:06,829 INFO org.apache.hadoop.mapred.LocalJobRunner: OutputCommitter set in config null
2014-11-13 18:11:06,855 INFO org.apache.hadoop.mapred.LocalJobRunner: OutputCommitter is org.apache.hadoop.mapreduce.lib.output.FileOutputCommitter
2014-11-13 18:11:06,963 INFO org.apache.hadoop.mapred.LocalJobRunner: Waiting for map tasks
2014-11-13 18:11:06,964 INFO org.apache.hadoop.mapred.LocalJobRunner: Starting task: attempt_local16362165_0001_m_000000_0
2014-11-13 18:11:07,113 INFO org.apache.hadoop.yarn.util.ProcfsBasedProcessTree: ProcfsBasedProcessTree currently is supported only on Linux.
2014-11-13 18:11:07,114 INFO org.apache.hadoop.mapred.Task:  Using ResourceCalculatorProcessTree : null
2014-11-13 18:11:07,119 INFO org.apache.hadoop.mapred.MapTask: Processing split: CrunchInputSplit(file:/Users/kamir/Documents/Cloudera/github/crunch.TS/data/in/wr/WebResource_GORBO_1_1.avro:0+33554432)
2014-11-13 18:11:07,144 INFO org.apache.hadoop.mapred.MapTask: Map output collector class = org.apache.hadoop.mapred.MapTask$MapOutputBuffer
2014-11-13 18:11:07,230 INFO org.apache.hadoop.mapred.MapTask: (EQUATOR) 0 kvi 26214396(104857584)
2014-11-13 18:11:07,230 INFO org.apache.hadoop.mapred.MapTask: mapreduce.task.io.sort.mb: 100
2014-11-13 18:11:07,230 INFO org.apache.hadoop.mapred.MapTask: soft limit at 83886080
2014-11-13 18:11:07,230 INFO org.apache.hadoop.mapred.MapTask: bufstart = 0; bufvoid = 104857600
2014-11-13 18:11:07,230 INFO org.apache.hadoop.mapred.MapTask: kvstart = 26214396; length = 6553600
2014-11-13 18:11:07,961 INFO org.apache.hadoop.mapred.LocalJobRunner: 
2014-11-13 18:11:07,961 INFO org.apache.hadoop.mapred.MapTask: Starting flush of map output
2014-11-13 18:11:07,961 INFO org.apache.hadoop.mapred.MapTask: Spilling map output
2014-11-13 18:11:07,961 INFO org.apache.hadoop.mapred.MapTask: bufstart = 0; bufend = 2600; bufvoid = 104857600
2014-11-13 18:11:07,961 INFO org.apache.hadoop.mapred.MapTask: kvstart = 26214396(104857584); kvend = 26211644(104846576); length = 2753/6553600
2014-11-13 18:11:08,115 INFO org.apache.hadoop.mapred.MapTask: Finished spill 0
2014-11-13 18:11:08,120 INFO org.apache.hadoop.mapred.Task: Task:attempt_local16362165_0001_m_000000_0 is done. And is in the process of committing
2014-11-13 18:11:08,165 INFO org.apache.hadoop.mapred.LocalJobRunner: map
2014-11-13 18:11:08,165 INFO org.apache.hadoop.mapred.Task: Task 'attempt_local16362165_0001_m_000000_0' done.
2014-11-13 18:11:08,165 INFO org.apache.hadoop.mapred.LocalJobRunner: Finishing task: attempt_local16362165_0001_m_000000_0
2014-11-13 18:11:08,165 INFO org.apache.hadoop.mapred.LocalJobRunner: Starting task: attempt_local16362165_0001_m_000001_0
2014-11-13 18:11:08,168 INFO org.apache.hadoop.yarn.util.ProcfsBasedProcessTree: ProcfsBasedProcessTree currently is supported only on Linux.
2014-11-13 18:11:08,168 INFO org.apache.hadoop.mapred.Task:  Using ResourceCalculatorProcessTree : null
2014-11-13 18:11:08,170 INFO org.apache.hadoop.mapred.MapTask: Processing split: CrunchInputSplit(file:/Users/kamir/Documents/Cloudera/github/crunch.TS/data/in/wr/WebResource_GORBO_2_1.avro:0+33554432)
2014-11-13 18:11:08,172 INFO org.apache.hadoop.mapred.MapTask: Map output collector class = org.apache.hadoop.mapred.MapTask$MapOutputBuffer
2014-11-13 18:11:08,276 INFO org.apache.hadoop.mapred.MapTask: (EQUATOR) 0 kvi 26214396(104857584)
2014-11-13 18:11:08,276 INFO org.apache.hadoop.mapred.MapTask: mapreduce.task.io.sort.mb: 100
2014-11-13 18:11:08,276 INFO org.apache.hadoop.mapred.MapTask: soft limit at 83886080
2014-11-13 18:11:08,276 INFO org.apache.hadoop.mapred.MapTask: bufstart = 0; bufvoid = 104857600
2014-11-13 18:11:08,276 INFO org.apache.hadoop.mapred.MapTask: kvstart = 26214396; length = 6553600
2014-11-13 18:11:09,392 INFO org.apache.hadoop.mapred.LocalJobRunner: 
2014-11-13 18:11:09,392 INFO org.apache.hadoop.mapred.MapTask: Starting flush of map output
2014-11-13 18:11:09,392 INFO org.apache.hadoop.mapred.MapTask: Spilling map output
2014-11-13 18:11:09,392 INFO org.apache.hadoop.mapred.MapTask: bufstart = 0; bufend = 1229; bufvoid = 104857600
2014-11-13 18:11:09,392 INFO org.apache.hadoop.mapred.MapTask: kvstart = 26214396(104857584); kvend = 26213144(104852576); length = 1253/6553600
2014-11-13 18:11:09,402 INFO org.apache.hadoop.mapred.MapTask: Finished spill 0
2014-11-13 18:11:09,404 INFO org.apache.hadoop.mapred.Task: Task:attempt_local16362165_0001_m_000001_0 is done. And is in the process of committing
2014-11-13 18:11:09,405 INFO org.apache.hadoop.mapred.LocalJobRunner: map
2014-11-13 18:11:09,405 INFO org.apache.hadoop.mapred.Task: Task 'attempt_local16362165_0001_m_000001_0' done.
2014-11-13 18:11:09,406 INFO org.apache.hadoop.mapred.LocalJobRunner: Finishing task: attempt_local16362165_0001_m_000001_0
2014-11-13 18:11:09,406 INFO org.apache.hadoop.mapred.LocalJobRunner: Starting task: attempt_local16362165_0001_m_000002_0
2014-11-13 18:11:09,407 INFO org.apache.hadoop.yarn.util.ProcfsBasedProcessTree: ProcfsBasedProcessTree currently is supported only on Linux.
2014-11-13 18:11:09,407 INFO org.apache.hadoop.mapred.Task:  Using ResourceCalculatorProcessTree : null
2014-11-13 18:11:09,409 INFO org.apache.hadoop.mapred.MapTask: Processing split: CrunchInputSplit(file:/Users/kamir/Documents/Cloudera/github/crunch.TS/data/in/wr/WebResource_GORBO_2_1.avro:33554432+33554432)
2014-11-13 18:11:09,410 INFO org.apache.hadoop.mapred.MapTask: Map output collector class = org.apache.hadoop.mapred.MapTask$MapOutputBuffer
2014-11-13 18:11:09,535 INFO org.apache.hadoop.mapred.MapTask: (EQUATOR) 0 kvi 26214396(104857584)
2014-11-13 18:11:09,535 INFO org.apache.hadoop.mapred.MapTask: mapreduce.task.io.sort.mb: 100
2014-11-13 18:11:09,535 INFO org.apache.hadoop.mapred.MapTask: soft limit at 83886080
2014-11-13 18:11:09,535 INFO org.apache.hadoop.mapred.MapTask: bufstart = 0; bufvoid = 104857600
2014-11-13 18:11:09,535 INFO org.apache.hadoop.mapred.MapTask: kvstart = 26214396; length = 6553600
2014-11-13 18:11:09,970 INFO org.apache.hadoop.mapred.MapTask: Starting flush of map output
2014-11-13 18:11:09,970 INFO org.apache.hadoop.mapred.MapTask: Spilling map output
2014-11-13 18:11:09,970 INFO org.apache.hadoop.mapred.MapTask: bufstart = 0; bufend = 24; bufvoid = 104857600
2014-11-13 18:11:09,970 INFO org.apache.hadoop.mapred.MapTask: kvstart = 26214396(104857584); kvend = 26214376(104857504); length = 21/6553600
2014-11-13 18:11:09,979 INFO org.apache.hadoop.mapred.MapTask: Finished spill 0
2014-11-13 18:11:09,983 INFO org.apache.hadoop.mapred.LocalJobRunner: Starting task: attempt_local16362165_0001_m_000003_0
2014-11-13 18:11:09,985 INFO org.apache.hadoop.yarn.util.ProcfsBasedProcessTree: ProcfsBasedProcessTree currently is supported only on Linux.
2014-11-13 18:11:09,985 INFO org.apache.hadoop.mapred.Task:  Using ResourceCalculatorProcessTree : null
2014-11-13 18:11:09,989 INFO org.apache.hadoop.mapred.MapTask: Processing split: CrunchInputSplit(file:/Users/kamir/Documents/Cloudera/github/crunch.TS/data/in/wr/WebResource_GORBO_1_1.avro:33554432+8279316)
2014-11-13 18:11:09,990 INFO org.apache.hadoop.mapred.MapTask: Map output collector class = org.apache.hadoop.mapred.MapTask$MapOutputBuffer
2014-11-13 18:11:10,238 INFO org.apache.hadoop.mapred.MapTask: (EQUATOR) 0 kvi 26214396(104857584)
2014-11-13 18:11:10,238 INFO org.apache.hadoop.mapred.MapTask: mapreduce.task.io.sort.mb: 100
2014-11-13 18:11:10,238 INFO org.apache.hadoop.mapred.MapTask: soft limit at 83886080
2014-11-13 18:11:10,238 INFO org.apache.hadoop.mapred.MapTask: bufstart = 0; bufvoid = 104857600
2014-11-13 18:11:10,238 INFO org.apache.hadoop.mapred.MapTask: kvstart = 26214396; length = 6553600
2014-11-13 18:11:10,420 INFO org.apache.hadoop.mapred.LocalJobRunner: 
2014-11-13 18:11:10,420 INFO org.apache.hadoop.mapred.MapTask: Starting flush of map output
2014-11-13 18:11:10,420 INFO org.apache.hadoop.mapred.MapTask: Spilling map output
2014-11-13 18:11:10,420 INFO org.apache.hadoop.mapred.MapTask: bufstart = 0; bufend = 736; bufvoid = 104857600
2014-11-13 18:11:10,420 INFO org.apache.hadoop.mapred.MapTask: kvstart = 26214396(104857584); kvend = 26213564(104854256); length = 833/6553600
2014-11-13 18:11:10,429 INFO org.apache.hadoop.mapred.MapTask: Finished spill 0
2014-11-13 18:11:10,433 INFO org.apache.hadoop.mapred.Task: Task:attempt_local16362165_0001_m_000003_0 is done. And is in the process of committing
2014-11-13 18:11:10,436 INFO org.apache.hadoop.mapred.LocalJobRunner: map
2014-11-13 18:11:10,437 INFO org.apache.hadoop.mapred.Task: Task 'attempt_local16362165_0001_m_000003_0' done.
2014-11-13 18:11:10,437 INFO org.apache.hadoop.mapred.LocalJobRunner: Finishing task: attempt_local16362165_0001_m_000003_0
2014-11-13 18:11:10,437 INFO org.apache.hadoop.mapred.LocalJobRunner: Starting task: attempt_local16362165_0001_m_000004_0
2014-11-13 18:11:10,439 INFO org.apache.hadoop.yarn.util.ProcfsBasedProcessTree: ProcfsBasedProcessTree currently is supported only on Linux.
2014-11-13 18:11:10,439 INFO org.apache.hadoop.mapred.Task:  Using ResourceCalculatorProcessTree : null
2014-11-13 18:11:10,441 INFO org.apache.hadoop.mapred.MapTask: Processing split: CrunchInputSplit(file:/Users/kamir/Documents/Cloudera/github/crunch.TS/data/in/wr/WebResource_GORBO_2_1.avro:67108864+5075369)
2014-11-13 18:11:10,443 INFO org.apache.hadoop.mapred.MapTask: Map output collector class = org.apache.hadoop.mapred.MapTask$MapOutputBuffer
2014-11-13 18:11:10,842 INFO org.apache.hadoop.mapred.MapTask: (EQUATOR) 0 kvi 26214396(104857584)
2014-11-13 18:11:10,842 INFO org.apache.hadoop.mapred.MapTask: mapreduce.task.io.sort.mb: 100
2014-11-13 18:11:10,842 INFO org.apache.hadoop.mapred.MapTask: soft limit at 83886080
2014-11-13 18:11:10,842 INFO org.apache.hadoop.mapred.MapTask: bufstart = 0; bufvoid = 104857600
2014-11-13 18:11:10,842 INFO org.apache.hadoop.mapred.MapTask: kvstart = 26214396; length = 6553600
2014-11-13 18:11:11,043 INFO org.apache.hadoop.mapred.LocalJobRunner: 
2014-11-13 18:11:11,043 INFO org.apache.hadoop.mapred.MapTask: Starting flush of map output
2014-11-13 18:11:11,043 INFO org.apache.hadoop.mapred.MapTask: Spilling map output
2014-11-13 18:11:11,043 INFO org.apache.hadoop.mapred.MapTask: bufstart = 0; bufend = 355; bufvoid = 104857600
2014-11-13 18:11:11,043 INFO org.apache.hadoop.mapred.MapTask: kvstart = 26214396(104857584); kvend = 26214032(104856128); length = 365/6553600
2014-11-13 18:11:11,054 INFO org.apache.hadoop.mapred.MapTask: Finished spill 0
2014-11-13 18:11:11,071 INFO org.apache.hadoop.mapred.Task: Task:attempt_local16362165_0001_m_000004_0 is done. And is in the process of committing
2014-11-13 18:11:11,076 INFO org.apache.hadoop.mapred.LocalJobRunner: map
2014-11-13 18:11:11,077 INFO org.apache.hadoop.mapred.Task: Task 'attempt_local16362165_0001_m_000004_0' done.
2014-11-13 18:11:11,077 INFO org.apache.hadoop.mapred.LocalJobRunner: Finishing task: attempt_local16362165_0001_m_000004_0
2014-11-13 18:11:11,077 INFO org.apache.hadoop.mapred.LocalJobRunner: map task executor complete.
2014-11-13 18:11:11,080 WARN org.apache.hadoop.mapred.LocalJobRunner: job_local16362165_0001
java.lang.Exception: org.apache.avro.AvroRuntimeException: java.io.IOException: Invalid sync!
	at org.apache.hadoop.mapred.LocalJobRunner$Job.runTasks(LocalJobRunner.java:462)
	at org.apache.hadoop.mapred.LocalJobRunner$Job.run(LocalJobRunner.java:522)
Caused by: org.apache.avro.AvroRuntimeException: java.io.IOException: Invalid sync!
	at org.apache.avro.file.DataFileStream.hasNext(DataFileStream.java:210)
	at org.apache.crunch.types.avro.AvroRecordReader.nextKeyValue(AvroRecordReader.java:66)
	at org.apache.crunch.impl.mr.run.CrunchRecordReader.nextKeyValue(CrunchRecordReader.java:157)
	at org.apache.hadoop.mapred.MapTask$NewTrackingRecordReader.nextKeyValue(MapTask.java:533)
	at org.apache.hadoop.mapreduce.task.MapContextImpl.nextKeyValue(MapContextImpl.java:80)
	at org.apache.hadoop.mapreduce.lib.map.WrappedMapper$Context.nextKeyValue(WrappedMapper.java:91)
	at org.apache.hadoop.mapreduce.Mapper.run(Mapper.java:144)
	at org.apache.hadoop.mapred.MapTask.runNewMapper(MapTask.java:764)
	at org.apache.hadoop.mapred.MapTask.run(MapTask.java:340)
	at org.apache.hadoop.mapred.LocalJobRunner$Job$MapTaskRunnable.run(LocalJobRunner.java:243)
	at java.util.concurrent.Executors$RunnableAdapter.call(Executors.java:471)
	at java.util.concurrent.FutureTask.run(FutureTask.java:262)
	at java.util.concurrent.ThreadPoolExecutor.runWorker(ThreadPoolExecutor.java:1145)
	at java.util.concurrent.ThreadPoolExecutor$Worker.run(ThreadPoolExecutor.java:615)
	at java.lang.Thread.run(Thread.java:744)
Caused by: java.io.IOException: Invalid sync!
	at org.apache.avro.file.DataFileStream.nextRawBlock(DataFileStream.java:293)
	at org.apache.avro.file.DataFileStream.hasNext(DataFileStream.java:198)
	... 14 more
2014-11-13 21:33:02,630 WARN org.apache.hadoop.util.NativeCodeLoader: Unable to load native-hadoop library for your platform... using builtin-java classes where applicable
2014-11-13 21:33:03,593 INFO org.apache.crunch.io.impl.FileTargetImpl: Will write output files to new path: data/out/degree.dat_1415914383103
2014-11-13 21:33:03,641 INFO org.apache.hadoop.conf.Configuration.deprecation: mapred.job.tracker is deprecated. Instead, use mapreduce.jobtracker.address
2014-11-13 21:33:03,995 INFO org.apache.crunch.impl.mr.collect.PGroupedTableImpl: Setting num reduce tasks to 1
2014-11-13 21:33:04,079 INFO org.apache.hadoop.conf.Configuration.deprecation: session.id is deprecated. Instead, use dfs.metrics.session-id
2014-11-13 21:33:04,080 INFO org.apache.hadoop.metrics.jvm.JvmMetrics: Initializing JVM Metrics with processName=JobTracker, sessionId=
2014-11-13 21:33:04,438 WARN org.apache.hadoop.mapreduce.JobSubmitter: No job jar file set.  User classes may not be found. See Job or Job#setJar(String).
2014-11-13 21:33:04,529 INFO org.apache.hadoop.mapreduce.lib.input.FileInputFormat: Total input paths to process : 1
2014-11-13 21:33:04,594 INFO org.apache.hadoop.mapreduce.JobSubmitter: number of splits:2
2014-11-13 21:33:04,911 INFO org.apache.hadoop.mapreduce.JobSubmitter: Submitting tokens for job: job_local2000941197_0001
2014-11-13 21:33:05,036 WARN org.apache.hadoop.conf.Configuration: file:/tmp/hadoop-kamir/mapred/staging/kamir2000941197/.staging/job_local2000941197_0001/job.xml:an attempt to override final parameter: mapreduce.job.end-notification.max.retry.interval;  Ignoring.
2014-11-13 21:33:05,047 WARN org.apache.hadoop.conf.Configuration: file:/tmp/hadoop-kamir/mapred/staging/kamir2000941197/.staging/job_local2000941197_0001/job.xml:an attempt to override final parameter: mapreduce.job.end-notification.max.attempts;  Ignoring.
2014-11-13 21:33:05,545 INFO org.apache.hadoop.mapred.LocalDistributedCacheManager: Creating symlink: /tmp/hadoop-kamir/mapred/local/1415914385166/REDUCE <- /Users/kamir/Documents/Cloudera/github/crunch.TS/REDUCE
2014-11-13 21:33:05,582 INFO org.apache.hadoop.mapred.LocalDistributedCacheManager: Localized file:/tmp/crunch-718988065/p1/REDUCE as file:/tmp/hadoop-kamir/mapred/local/1415914385166/REDUCE
2014-11-13 21:33:05,683 INFO org.apache.hadoop.mapred.LocalDistributedCacheManager: Creating symlink: /tmp/hadoop-kamir/mapred/local/1415914385167/MAP <- /Users/kamir/Documents/Cloudera/github/crunch.TS/MAP
2014-11-13 21:33:05,689 WARN org.apache.hadoop.fs.FileUtil: Command 'ln -s /tmp/hadoop-kamir/mapred/local/1415914385167/MAP /Users/kamir/Documents/Cloudera/github/crunch.TS/MAP' failed 1 with: ln: /Users/kamir/Documents/Cloudera/github/crunch.TS/MAP: File exists

2014-11-13 21:33:05,689 WARN org.apache.hadoop.mapred.LocalDistributedCacheManager: Failed to create symlink: /tmp/hadoop-kamir/mapred/local/1415914385167/MAP <- /Users/kamir/Documents/Cloudera/github/crunch.TS/MAP
2014-11-13 21:33:05,690 INFO org.apache.hadoop.mapred.LocalDistributedCacheManager: Localized file:/tmp/crunch-718988065/p1/MAP as file:/tmp/hadoop-kamir/mapred/local/1415914385167/MAP
2014-11-13 21:33:05,866 WARN org.apache.hadoop.conf.Configuration: file:/tmp/hadoop-kamir/mapred/local/localRunner/kamir/job_local2000941197_0001/job_local2000941197_0001.xml:an attempt to override final parameter: mapreduce.job.end-notification.max.retry.interval;  Ignoring.
2014-11-13 21:33:05,875 WARN org.apache.hadoop.conf.Configuration: file:/tmp/hadoop-kamir/mapred/local/localRunner/kamir/job_local2000941197_0001/job_local2000941197_0001.xml:an attempt to override final parameter: mapreduce.job.end-notification.max.attempts;  Ignoring.
2014-11-13 21:33:05,881 INFO org.apache.hadoop.mapreduce.Job: The url to track the job: http://localhost:8080/
2014-11-13 21:33:05,881 INFO org.apache.crunch.hadoop.mapreduce.lib.jobcontrol.CrunchControlledJob: Running job "de.bitocean.relevance.WebResourceBucketNodeDegree: Avro(data/in/wr)+S1+GBK+ungroup+Text(data/out/degree.dat_... ID=1 (1/1)"
2014-11-13 21:33:05,882 INFO org.apache.crunch.hadoop.mapreduce.lib.jobcontrol.CrunchControlledJob: Job status available at: http://localhost:8080/
2014-11-13 21:33:05,884 INFO org.apache.hadoop.mapred.LocalJobRunner: OutputCommitter set in config null
2014-11-13 21:33:05,893 INFO org.apache.hadoop.mapred.LocalJobRunner: OutputCommitter is org.apache.hadoop.mapreduce.lib.output.FileOutputCommitter
2014-11-13 21:33:05,964 INFO org.apache.hadoop.mapred.LocalJobRunner: Waiting for map tasks
2014-11-13 21:33:05,964 INFO org.apache.hadoop.mapred.LocalJobRunner: Starting task: attempt_local2000941197_0001_m_000000_0
2014-11-13 21:33:06,009 INFO org.apache.hadoop.yarn.util.ProcfsBasedProcessTree: ProcfsBasedProcessTree currently is supported only on Linux.
2014-11-13 21:33:06,009 INFO org.apache.hadoop.mapred.Task:  Using ResourceCalculatorProcessTree : null
2014-11-13 21:33:06,015 INFO org.apache.hadoop.mapred.MapTask: Processing split: CrunchInputSplit(file:/Users/kamir/Documents/Cloudera/github/crunch.TS/data/in/wr/WebResource_GORBO_1_2.avro:0+33554432)
2014-11-13 21:33:06,029 INFO org.apache.hadoop.mapred.MapTask: Map output collector class = org.apache.hadoop.mapred.MapTask$MapOutputBuffer
2014-11-13 21:33:06,098 INFO org.apache.hadoop.mapred.MapTask: (EQUATOR) 0 kvi 26214396(104857584)
2014-11-13 21:33:06,099 INFO org.apache.hadoop.mapred.MapTask: mapreduce.task.io.sort.mb: 100
2014-11-13 21:33:06,099 INFO org.apache.hadoop.mapred.MapTask: soft limit at 83886080
2014-11-13 21:33:06,099 INFO org.apache.hadoop.mapred.MapTask: bufstart = 0; bufvoid = 104857600
2014-11-13 21:33:06,099 INFO org.apache.hadoop.mapred.MapTask: kvstart = 26214396; length = 6553600
2014-11-13 21:33:06,205 INFO org.apache.hadoop.mapred.LocalJobRunner: 
2014-11-13 21:33:06,205 INFO org.apache.hadoop.mapred.MapTask: Starting flush of map output
2014-11-13 21:33:06,205 INFO org.apache.hadoop.mapred.MapTask: Spilling map output
2014-11-13 21:33:06,206 INFO org.apache.hadoop.mapred.MapTask: bufstart = 0; bufend = 1509; bufvoid = 104857600
2014-11-13 21:33:06,206 INFO org.apache.hadoop.mapred.MapTask: kvstart = 26214396(104857584); kvend = 26212812(104851248); length = 1585/6553600
2014-11-13 21:33:06,239 INFO org.apache.hadoop.mapred.MapTask: Finished spill 0
2014-11-13 21:33:06,242 INFO org.apache.hadoop.mapred.Task: Task:attempt_local2000941197_0001_m_000000_0 is done. And is in the process of committing
2014-11-13 21:33:06,249 INFO org.apache.hadoop.mapred.LocalJobRunner: map
2014-11-13 21:33:06,249 INFO org.apache.hadoop.mapred.Task: Task 'attempt_local2000941197_0001_m_000000_0' done.
2014-11-13 21:33:06,249 INFO org.apache.hadoop.mapred.LocalJobRunner: Finishing task: attempt_local2000941197_0001_m_000000_0
2014-11-13 21:33:06,249 INFO org.apache.hadoop.mapred.LocalJobRunner: Starting task: attempt_local2000941197_0001_m_000001_0
2014-11-13 21:33:06,251 INFO org.apache.hadoop.yarn.util.ProcfsBasedProcessTree: ProcfsBasedProcessTree currently is supported only on Linux.
2014-11-13 21:33:06,251 INFO org.apache.hadoop.mapred.Task:  Using ResourceCalculatorProcessTree : null
2014-11-13 21:33:06,253 INFO org.apache.hadoop.mapred.MapTask: Processing split: CrunchInputSplit(file:/Users/kamir/Documents/Cloudera/github/crunch.TS/data/in/wr/WebResource_GORBO_1_2.avro:33554432+4871038)
2014-11-13 21:33:06,255 INFO org.apache.hadoop.mapred.MapTask: Map output collector class = org.apache.hadoop.mapred.MapTask$MapOutputBuffer
2014-11-13 21:33:06,324 INFO org.apache.hadoop.mapred.MapTask: (EQUATOR) 0 kvi 26214396(104857584)
2014-11-13 21:33:06,324 INFO org.apache.hadoop.mapred.MapTask: mapreduce.task.io.sort.mb: 100
2014-11-13 21:33:06,324 INFO org.apache.hadoop.mapred.MapTask: soft limit at 83886080
2014-11-13 21:33:06,324 INFO org.apache.hadoop.mapred.MapTask: bufstart = 0; bufvoid = 104857600
2014-11-13 21:33:06,324 INFO org.apache.hadoop.mapred.MapTask: kvstart = 26214396; length = 6553600
2014-11-13 21:33:06,399 INFO org.apache.hadoop.mapred.LocalJobRunner: 
2014-11-13 21:33:06,400 INFO org.apache.hadoop.mapred.MapTask: Starting flush of map output
2014-11-13 21:33:06,400 INFO org.apache.hadoop.mapred.MapTask: Spilling map output
2014-11-13 21:33:06,400 INFO org.apache.hadoop.mapred.MapTask: bufstart = 0; bufend = 240; bufvoid = 104857600
2014-11-13 21:33:06,400 INFO org.apache.hadoop.mapred.MapTask: kvstart = 26214396(104857584); kvend = 26214148(104856592); length = 249/6553600
2014-11-13 21:33:06,405 INFO org.apache.hadoop.mapred.MapTask: Finished spill 0
2014-11-13 21:33:06,409 INFO org.apache.hadoop.mapred.Task: Task:attempt_local2000941197_0001_m_000001_0 is done. And is in the process of committing
2014-11-13 21:33:06,411 INFO org.apache.hadoop.mapred.LocalJobRunner: map
2014-11-13 21:33:06,411 INFO org.apache.hadoop.mapred.Task: Task 'attempt_local2000941197_0001_m_000001_0' done.
2014-11-13 21:33:06,411 INFO org.apache.hadoop.mapred.LocalJobRunner: Finishing task: attempt_local2000941197_0001_m_000001_0
2014-11-13 21:33:06,413 INFO org.apache.hadoop.mapred.LocalJobRunner: map task executor complete.
2014-11-13 21:33:06,444 INFO org.apache.hadoop.mapred.LocalJobRunner: Waiting for reduce tasks
2014-11-13 21:33:06,445 INFO org.apache.hadoop.mapred.LocalJobRunner: Starting task: attempt_local2000941197_0001_r_000000_0
2014-11-13 21:33:06,455 INFO org.apache.hadoop.yarn.util.ProcfsBasedProcessTree: ProcfsBasedProcessTree currently is supported only on Linux.
2014-11-13 21:33:06,456 INFO org.apache.hadoop.mapred.Task:  Using ResourceCalculatorProcessTree : null
2014-11-13 21:33:06,464 INFO org.apache.hadoop.mapred.ReduceTask: Using ShuffleConsumerPlugin: org.apache.hadoop.mapreduce.task.reduce.Shuffle@5f21d3e0
2014-11-13 21:33:06,503 INFO org.apache.hadoop.mapreduce.task.reduce.MergeManagerImpl: MergerManager: memoryLimit=1503238528, maxSingleShuffleLimit=375809632, mergeThreshold=992137472, ioSortFactor=10, memToMemMergeOutputsThreshold=10
2014-11-13 21:33:06,505 INFO org.apache.hadoop.mapreduce.task.reduce.EventFetcher: attempt_local2000941197_0001_r_000000_0 Thread started: EventFetcher for fetching Map Completion Events
2014-11-13 21:33:06,559 INFO org.apache.hadoop.mapreduce.task.reduce.LocalFetcher: localfetcher#1 about to shuffle output of map attempt_local2000941197_0001_m_000000_0 decomp: 2305 len: 2309 to MEMORY
2014-11-13 21:33:06,561 INFO org.apache.hadoop.mapreduce.task.reduce.InMemoryMapOutput: Read 2305 bytes from map-output for attempt_local2000941197_0001_m_000000_0
2014-11-13 21:33:06,610 INFO org.apache.hadoop.mapreduce.task.reduce.MergeManagerImpl: closeInMemoryFile -> map-output of size: 2305, inMemoryMapOutputs.size() -> 1, commitMemory -> 0, usedMemory ->2305
2014-11-13 21:33:06,621 INFO org.apache.hadoop.mapreduce.task.reduce.LocalFetcher: localfetcher#1 about to shuffle output of map attempt_local2000941197_0001_m_000001_0 decomp: 368 len: 372 to MEMORY
2014-11-13 21:33:06,622 INFO org.apache.hadoop.mapreduce.task.reduce.InMemoryMapOutput: Read 368 bytes from map-output for attempt_local2000941197_0001_m_000001_0
2014-11-13 21:33:06,622 INFO org.apache.hadoop.mapreduce.task.reduce.MergeManagerImpl: closeInMemoryFile -> map-output of size: 368, inMemoryMapOutputs.size() -> 2, commitMemory -> 2305, usedMemory ->2673
2014-11-13 21:33:06,622 INFO org.apache.hadoop.mapreduce.task.reduce.EventFetcher: EventFetcher is interrupted.. Returning
2014-11-13 21:33:06,623 INFO org.apache.hadoop.mapred.LocalJobRunner: 2 / 2 copied.
2014-11-13 21:33:06,624 INFO org.apache.hadoop.mapreduce.task.reduce.MergeManagerImpl: finalMerge called with 2 in-memory map-outputs and 0 on-disk map-outputs
2014-11-13 21:33:06,653 INFO org.apache.hadoop.mapred.Merger: Merging 2 sorted segments
2014-11-13 21:33:06,653 INFO org.apache.hadoop.mapred.Merger: Down to the last merge-pass, with 2 segments left of total size: 2667 bytes
2014-11-13 21:33:06,671 INFO org.apache.hadoop.mapreduce.task.reduce.MergeManagerImpl: Merged 2 segments, 2673 bytes to disk to satisfy reduce memory limit
2014-11-13 21:33:06,671 INFO org.apache.hadoop.mapreduce.task.reduce.MergeManagerImpl: Merging 1 files, 2675 bytes from disk
2014-11-13 21:33:06,672 INFO org.apache.hadoop.mapreduce.task.reduce.MergeManagerImpl: Merging 0 segments, 0 bytes from memory into reduce
2014-11-13 21:33:06,673 INFO org.apache.hadoop.mapred.Merger: Merging 1 sorted segments
2014-11-13 21:33:06,673 INFO org.apache.hadoop.mapred.Merger: Down to the last merge-pass, with 1 segments left of total size: 2668 bytes
2014-11-13 21:33:06,674 INFO org.apache.hadoop.mapred.LocalJobRunner: 2 / 2 copied.
2014-11-13 21:33:06,694 INFO org.apache.hadoop.conf.Configuration.deprecation: mapred.skip.on is deprecated. Instead, use mapreduce.job.skiprecords
2014-11-13 21:33:06,781 INFO org.apache.hadoop.mapred.Task: Task:attempt_local2000941197_0001_r_000000_0 is done. And is in the process of committing
2014-11-13 21:33:06,784 INFO org.apache.hadoop.mapred.LocalJobRunner: 2 / 2 copied.
2014-11-13 21:33:06,784 INFO org.apache.hadoop.mapred.Task: Task attempt_local2000941197_0001_r_000000_0 is allowed to commit now
2014-11-13 21:33:06,786 INFO org.apache.hadoop.mapreduce.lib.output.FileOutputCommitter: Saved output of task 'attempt_local2000941197_0001_r_000000_0' to file:/tmp/crunch-718988065/p1/output/_temporary/0/task_local2000941197_0001_r_000000
2014-11-13 21:33:06,787 INFO org.apache.hadoop.mapred.LocalJobRunner: reduce > reduce
2014-11-13 21:33:06,787 INFO org.apache.hadoop.mapred.Task: Task 'attempt_local2000941197_0001_r_000000_0' done.
2014-11-13 21:33:06,787 INFO org.apache.hadoop.mapred.LocalJobRunner: Finishing task: attempt_local2000941197_0001_r_000000_0
2014-11-13 21:33:06,788 INFO org.apache.hadoop.mapred.LocalJobRunner: reduce task executor complete.
